<?xml version="1.0" encoding="UTF-8"?>
<!-- Generated by org.testng.reporters.JUnitReportReporter -->
<testsuite skipped="0" hostname="Admin-PC" name="com.prudential.testcode.automation.TC003_ValidSearch" tests="2" failures="0" timestamp="02 Oct 2018 04:57:30 GMT" time="25.187" errors="0">
  <testcase name="launchApplication" time="13.700" classname="com.prudential.testcode.automation.TC003_ValidSearch"/>
  <testcase name="testSearchFunctionality" time="11.487" classname="com.prudential.testcode.automation.TC003_ValidSearch"/>
</testsuite> <!-- com.prudential.testcode.automation.TC003_ValidSearch -->
