<?xml version="1.0" encoding="UTF-8"?>
<!-- Generated by org.testng.reporters.JUnitReportReporter -->
<testsuite skipped="0" hostname="Admin-PC" name="com.prudential.testcode.automation.TestAutomation" tests="2" failures="0" timestamp="01 Oct 2018 16:31:40 GMT" time="67.981" errors="0">
  <testcase name="testSearchFunctionality" time="47.395" classname="com.prudential.testcode.automation.TestAutomation"/>
  <testcase name="launchApplication" time="20.586" classname="com.prudential.testcode.automation.TestAutomation"/>
</testsuite> <!-- com.prudential.testcode.automation.TestAutomation -->
