<?xml version="1.0" encoding="UTF-8"?>
<!-- Generated by org.testng.reporters.JUnitReportReporter -->
<testsuite skipped="0" hostname="Admin-PC" name="com.prudential.testcode.automation.TC001_LaunchValidation" tests="2" failures="0" timestamp="02 Oct 2018 04:57:30 GMT" time="18.893" errors="0">
  <testcase name="launchApplication" time="18.436" classname="com.prudential.testcode.automation.TC001_LaunchValidation"/>
  <testcase name="testSearchFunctionality" time="0.457" classname="com.prudential.testcode.automation.TC001_LaunchValidation"/>
</testsuite> <!-- com.prudential.testcode.automation.TC001_LaunchValidation -->
