<?xml version="1.0" encoding="UTF-8"?>
<!-- Generated by org.testng.reporters.JUnitReportReporter -->
<testsuite skipped="0" hostname="Admin-PC" name="automationTest.TestAutomation" tests="1" failures="0" timestamp="01 Oct 2018 14:38:20 GMT" time="32.768" errors="0">
  <testcase name="f" time="32.768" classname="automationTest.TestAutomation"/>
</testsuite> <!-- automationTest.TestAutomation -->
