<?xml version="1.0" encoding="UTF-8"?>
<!-- Generated by org.testng.reporters.JUnitReportReporter -->
<testsuite skipped="0" hostname="Admin-PC" name="com.prudential.testcode.automation.TC004_CurrentLocation" tests="2" failures="0" timestamp="02 Oct 2018 04:57:30 GMT" time="26.812" errors="0">
  <testcase name="launchApplication" time="8.352" classname="com.prudential.testcode.automation.TC004_CurrentLocation"/>
  <testcase name="testCurrentLocationFunctionality" time="18.460" classname="com.prudential.testcode.automation.TC004_CurrentLocation"/>
</testsuite> <!-- com.prudential.testcode.automation.TC004_CurrentLocation -->
