<?xml version="1.0" encoding="UTF-8"?>
<!-- Generated by org.testng.reporters.JUnitReportReporter -->
<testsuite skipped="0" hostname="Admin-PC" name="com.prudential.testcode.automation.TC002_InvalidSearch" tests="2" failures="0" timestamp="02 Oct 2018 04:57:30 GMT" time="28.380" errors="0">
  <testcase name="launchApplication" time="19.243" classname="com.prudential.testcode.automation.TC002_InvalidSearch"/>
  <testcase name="testSearchFunctionality" time="9.137" classname="com.prudential.testcode.automation.TC002_InvalidSearch"/>
</testsuite> <!-- com.prudential.testcode.automation.TC002_InvalidSearch -->
