<?xml version="1.0" encoding="UTF-8"?>
<!-- Generated by org.testng.reporters.JUnitReportReporter -->
<testsuite skipped="0" hostname="Admin-PC" name="com.prudential.testcode.automation.TC005_WrongData" tests="2" failures="0" timestamp="02 Oct 2018 04:57:30 GMT" time="11.692" errors="0">
  <testcase name="launchApplication" time="7.047" classname="com.prudential.testcode.automation.TC005_WrongData"/>
  <testcase name="testWrongDataFunctionality" time="4.645" classname="com.prudential.testcode.automation.TC005_WrongData"/>
</testsuite> <!-- com.prudential.testcode.automation.TC005_WrongData -->
